\BOOKMARK [0][-]{section*.1}{Lista de Figuras}{}
\BOOKMARK [0][-]{chapter*.2}{Resumo}{}
\BOOKMARK [0][-]{chapter.resumo.1}{Introdu\347\343o}{}
\BOOKMARK [1][-]{section.resumo.1.1}{Objetivos}{chapter.resumo.1}
\BOOKMARK [1][-]{section.resumo.1.2}{Motiva\347\365es}{chapter.resumo.1}
\BOOKMARK [1][-]{section.resumo.1.3}{Vis\343o Geral do Trabalho}{chapter.resumo.1}
\BOOKMARK [0][-]{chapter.resumo.2}{Referencial te\363rico}{}
\BOOKMARK [1][-]{section.resumo.2.1}{Fala}{chapter.resumo.2}
\BOOKMARK [1][-]{section.resumo.2.2}{Hist\363rico dos Sistemas de Reconhecimento de Voz}{chapter.resumo.2}
\BOOKMARK [1][-]{section.resumo.2.3}{Caracter\355sticas de Sistemas RAV}{chapter.resumo.2}
\BOOKMARK [2][-]{subsection.resumo.2.3.1}{Depend\352ncia do locutor}{section.resumo.2.3}
\BOOKMARK [2][-]{subsection.resumo.2.3.2}{Modo de pron\372ncia}{section.resumo.2.3}
\BOOKMARK [2][-]{subsection.resumo.2.3.3}{Tamanho do vocabul\341rio}{section.resumo.2.3}
\BOOKMARK [2][-]{subsection.resumo.2.3.4}{Perplexidade}{section.resumo.2.3}
\BOOKMARK [2][-]{subsection.resumo.2.3.5}{Rela\347\343o sinal \205 ru\355do}{section.resumo.2.3}
\BOOKMARK [1][-]{section.resumo.2.4}{Fatores que Interferem no Desempenho}{chapter.resumo.2}
\BOOKMARK [0][-]{chapter.resumo.3}{Modelos Ocultos de Markov}{}
\BOOKMARK [0][-]{chapter.resumo.4}{Resultado}{}
\BOOKMARK [1][-]{section.resumo.4.1}{Descritores de Hu}{chapter.resumo.4}
\BOOKMARK [1][-]{section.resumo.4.2}{Imagens digitais}{chapter.resumo.4}
\BOOKMARK [2][-]{subsection.resumo.4.2.1}{Mapas de bits}{section.resumo.4.2}
\BOOKMARK [2][-]{subsection.resumo.4.2.2}{Imagens vetoriais}{section.resumo.4.2}
\BOOKMARK [0][-]{subsection.resumo.4.2.2}{Refer\352ncias Bibliogr\341ficas}{}
